<?xml version="1.0" encoding="UTF-8"?>
<!-- Generated by org.testng.reporters.JUnitReportReporter -->
<testsuite skipped="0" hostname="amit" name="utilities.Log" tests="1" failures="0" timestamp="20 Oct 2018 09:24:33 GMT" time="13.612" errors="0">
  <testcase name="startLog" time="13.612" classname="utilities.Log"/>
</testsuite> <!-- utilities.Log -->
