<?xml version="1.0" encoding="UTF-8"?>
<!-- Generated by org.testng.reporters.JUnitReportReporter -->
<testsuite skipped="0" hostname="amit" name="TestCase.CaseCreationTest" tests="1" failures="0" timestamp="21 Oct 2018 15:55:29 GMT" time="51.483" errors="0">
  <testcase name="CaseCreation" time="51.483" classname="TestCase.CaseCreationTest"/>
</testsuite> <!-- TestCase.CaseCreationTest -->
