<?xml version="1.0" encoding="UTF-8"?>
<!-- Generated by org.testng.reporters.JUnitReportReporter -->
<testsuite skipped="0" hostname="amit" name="TestCase.LoginPageTest" tests="1" failures="0" timestamp="20 Oct 2018 18:00:48 GMT" time="74.947" errors="0">
  <testcase name="LoginTest" time="74.947" classname="TestCase.LoginPageTest"/>
</testsuite> <!-- TestCase.LoginPageTest -->
